Arguments: 
  C:\Program Files\nodejs\node.exe C:\Program Files\nodejs\node_modules\yarn\bin\yarn.js add style-loader

PATH: 
  C:\Program Files (x86)\Common Files\Intel\Shared Libraries\redist\intel64\compiler;D:\VMware\VMware Workstation\bin\;C:\Program Files (x86)\Intel\Intel(R) Management Engine Components\iCLS\;C:\Program Files\Intel\Intel(R) Management Engine Components\iCLS\;C:\Windows\system32;C:\Windows;C:\Windows\System32\Wbem;C:\Windows\System32\WindowsPowerShell\v1.0\;C:\Windows\System32\OpenSSH\;C:\Program Files (x86)\NVIDIA Corporation\PhysX\Common;C:\Program Files\NVIDIA Corporation\NVIDIA NvDLISR;C:\Program Files\Git\cmd;C:\Program Files\TortoiseGit\bin;C:\Program Files\Microsoft VS Code\bin;C:\Program Files\TortoiseSVN\bin;C:\Program Files (x86)\Intel\Intel(R) Management Engine Components\DAL;C:\Program Files\Intel\Intel(R) Management Engine Components\DAL;C:\Program Files (x86)\Intel\Intel(R) Management Engine Components\IPT;C:\Program Files\Intel\Intel(R) Management Engine Components\IPT;C:\WINDOWS\system32;C:\WINDOWS;C:\WINDOWS\System32\Wbem;C:\WINDOWS\System32\WindowsPowerShell\v1.0\;C:\WINDOWS\System32\OpenSSH\;D:\putty\;C:\Users\97252\AppData\Roaming\nvm;C:\Program Files\nodejs;C:\Program Files\mingw-w64\x86_64-8.1.0-win32-seh-rt_v6-rev0\mingw64\bin;C:\Program Files\Microsoft SQL Server\150\Tools\Binn\;C:\Program Files\dotnet\;C:\Users\97252\AppData\Local\Programs\Python\Python38\Scripts\;C:\Users\97252\AppData\Local\Programs\Python\Python38\;C:\Users\97252\AppData\Local\Microsoft\WindowsApps

Yarn version: 
  1.22.19

Node version: 
  16.14.2

Platform: 
  win32 x64

Trace: 
  Error: connect ENETUNREACH 111.230.199.61:6888
      at TCPConnectWrap.afterConnect [as oncomplete] (node:net:1157:16)

npm manifest: 
  {
      "name": "easy-canvas",
      "version": "0.0.1",
      "description": "for happliy use canvas",
      "main": "index.js",
      "scripts": {
          "build": "webpack --mode=development --watch",
          "test": "echo \"Error: no test specified\" && exit 1"
      },
      "repository": {
          "type": "git",
          "url": "git+https://github.com/jimouspeng/easy-canvas.git"
      },
      "keywords": [],
      "author": "",
      "license": "ISC",
      "bugs": {
          "url": "https://github.com/jimouspeng/easy-canvas/issues"
      },
      "homepage": "https://github.com/jimouspeng/easy-canvas#readme",
      "devDependencies": {
          "html-webpack-plugin": "^5.5.0",
          "webpack": "^5.78.0",
          "webpack-cli": "^5.0.1"
      }
  }

yarn manifest: 
  No manifest

Lockfile: 
  No lockfile
